生成启动时间为 8/27/2017 3:47:25 PM。
     1>项目“D:\projects\vs\BBS_SXY\BBS_SXY\BBS_SXY.vcxproj”在节点 2 上(Build 个目标)。
     1>ClCompile:
         D:\RJ\Microsoft Visual Studio 14.0\VC\bin\x86_amd64\CL.exe /c /Zi /nologo /W3 /WX- /sdl /O2 /Oi /GL /D NDEBUG /D _CONSOLE /D _UNICODE /D UNICODE /Gm- /EHsc /MD /GS /Gy /fp:precise /Zc:wchar_t /Zc:forScope /Zc:inline /Fo"x64\Release\\" /Fd"x64\Release\vc140.pdb" /Gd /TP /errorReport:prompt BBS.cpp
         BBS.cpp
     1>D:\RJ\OPENCV3\opencv\build\include\opencv2/core/mat.hpp(1965): warning C4819: 该文件包含不能在当前代码页(936)中表示的字符。请将该文件保存为 Unicode 格式以防止数据丢失
     1>D:\RJ\OPENCV3\opencv\build\include\opencv2/core/persistence.hpp : warning C4819: 该文件包含不能在当前代码页(936)中表示的字符。请将该文件保存为 Unicode 格式以防止数据丢失
     1>D:\RJ\OPENCV3\opencv\build\include\opencv2/core/utility.hpp : warning C4819: 该文件包含不能在当前代码页(936)中表示的字符。请将该文件保存为 Unicode 格式以防止数据丢失
     1>D:\RJ\OPENCV3\opencv\build\include\opencv2/core/utility.hpp : warning C4819: 该文件包含不能在当前代码页(936)中表示的字符。请将该文件保存为 Unicode 格式以防止数据丢失
     1>BBS.cpp(30): warning C4838: 从“double”转换到“float”需要收缩转换
     1>BBS.cpp(30): warning C4305: “初始化”: 从“double”到“float”截断
     1>BBS.cpp(36): warning C4244: “初始化”: 从“double”转换到“int”，可能丢失数据
     1>BBS.cpp(160): warning C4244: “初始化”: 从“double”转换到“float”，可能丢失数据
     1>BBS.cpp(163): warning C4244: “初始化”: 从“double”转换到“float”，可能丢失数据
     1>BBS.cpp(271): warning C4244: “参数”: 从“__int64”转换到“int”，可能丢失数据
     1>BBS.cpp(279): warning C4244: “参数”: 从“__int64”转换到“int”，可能丢失数据
     1>BBS.cpp(317): warning C4244: “=”: 从“int”转换到“float”，可能丢失数据
       Link:
         D:\RJ\Microsoft Visual Studio 14.0\VC\bin\x86_amd64\link.exe /ERRORREPORT:PROMPT /OUT:"D:\projects\vs\BBS_SXY\x64\Release\BBS_SXY.exe" /INCREMENTAL:NO /NOLOGO opencv_world310.lib kernel32.lib user32.lib gdi32.lib winspool.lib comdlg32.lib advapi32.lib shell32.lib ole32.lib oleaut32.lib uuid.lib odbc32.lib odbccp32.lib /MANIFEST /MANIFESTUAC:"level='asInvoker' uiAccess='false'" /manifest:embed /Debug /PDB:"D:\projects\vs\BBS_SXY\x64\Release\BBS_SXY.pdb" /SUBSYSTEM:CONSOLE /OPT:REF /OPT:ICF /LTCG:incremental /TLBID:1 /DYNAMICBASE /NXCOMPAT /IMPLIB:"D:\projects\vs\BBS_SXY\x64\Release\BBS_SXY.lib" /MACHINE:X64 x64\Release\BBS.obj
         正在生成代码
         1 of 647 functions ( 0.2%) were compiled, the rest were copied from previous compilation.
           0 functions were new in current compilation
           0 functions had inline decision re-evaluated but remain unchanged
         已完成代码的生成
         BBS_SXY.vcxproj -> D:\projects\vs\BBS_SXY\x64\Release\BBS_SXY.exe
     1>已完成生成项目“D:\projects\vs\BBS_SXY\BBS_SXY\BBS_SXY.vcxproj”(Build 个目标)的操作。

已成功生成。

已用时间 00:00:02.64
