生成启动时间为 6/10/2017 4:19:28 PM。
     1>项目“D:\projects\vs\BBS_SXY\BBS_SXY\BBS_SXY.vcxproj”在节点 2 上(Build 个目标)。
     1>ClCompile:
         D:\RJ\Microsoft Visual Studio 14.0\VC\bin\x86_amd64\CL.exe /c /ZI /nologo /W3 /WX- /sdl /Od /D _DEBUG /D _CONSOLE /D _UNICODE /D UNICODE /Gm /EHsc /RTC1 /MDd /GS /fp:precise /Zc:wchar_t /Zc:forScope /Zc:inline /Fo"x64\Debug\\" /Fd"x64\Debug\vc140.pdb" /Gd /TP /errorReport:prompt BBS.cpp
         BBS.cpp
     1>d:\rj\opencv3\opencv\build\include\opencv2\core\mat.hpp(1965): warning C4819: 该文件包含不能在当前代码页(936)中表示的字符。请将该文件保存为 Unicode 格式以防止数据丢失
     1>d:\rj\opencv3\opencv\build\include\opencv2\core\persistence.hpp : warning C4819: 该文件包含不能在当前代码页(936)中表示的字符。请将该文件保存为 Unicode 格式以防止数据丢失
     1>d:\rj\opencv3\opencv\build\include\opencv2\core\utility.hpp : warning C4819: 该文件包含不能在当前代码页(936)中表示的字符。请将该文件保存为 Unicode 格式以防止数据丢失
     1>d:\rj\opencv3\opencv\build\include\opencv2\core\utility.hpp : warning C4819: 该文件包含不能在当前代码页(936)中表示的字符。请将该文件保存为 Unicode 格式以防止数据丢失
     1>d:\projects\vs\bbs_sxy\bbs_sxy\bbs.cpp(30): warning C4838: 从“double”转换到“float”需要收缩转换
     1>d:\projects\vs\bbs_sxy\bbs_sxy\bbs.cpp(30): warning C4305: “初始化”: 从“double”到“float”截断
     1>d:\projects\vs\bbs_sxy\bbs_sxy\bbs.cpp(36): warning C4244: “初始化”: 从“double”转换到“int”，可能丢失数据
     1>d:\projects\vs\bbs_sxy\bbs_sxy\bbs.cpp(162): warning C4244: “初始化”: 从“double”转换到“float”，可能丢失数据
     1>d:\projects\vs\bbs_sxy\bbs_sxy\bbs.cpp(165): warning C4244: “初始化”: 从“double”转换到“float”，可能丢失数据
     1>d:\projects\vs\bbs_sxy\bbs_sxy\bbs.cpp(273): warning C4244: “参数”: 从“__int64”转换到“int”，可能丢失数据
     1>d:\projects\vs\bbs_sxy\bbs_sxy\bbs.cpp(281): warning C4244: “参数”: 从“__int64”转换到“int”，可能丢失数据
     1>d:\projects\vs\bbs_sxy\bbs_sxy\bbs.cpp(349): warning C4244: “=”: 从“int”转换到“float”，可能丢失数据
       Link:
         D:\RJ\Microsoft Visual Studio 14.0\VC\bin\x86_amd64\link.exe /ERRORREPORT:PROMPT /OUT:"D:\projects\vs\BBS_SXY\x64\Debug\BBS_SXY.exe" /INCREMENTAL /NOLOGO opencv_world310d.lib kernel32.lib user32.lib gdi32.lib winspool.lib comdlg32.lib advapi32.lib shell32.lib ole32.lib oleaut32.lib uuid.lib odbc32.lib odbccp32.lib /MANIFEST /MANIFESTUAC:"level='asInvoker' uiAccess='false'" /manifest:embed /Debug /PDB:"D:\projects\vs\BBS_SXY\x64\Debug\BBS_SXY.pdb" /SUBSYSTEM:CONSOLE /TLBID:1 /DYNAMICBASE /NXCOMPAT /IMPLIB:"D:\projects\vs\BBS_SXY\x64\Debug\BBS_SXY.lib" /MACHINE:X64 x64\Debug\BBS.obj
         BBS_SXY.vcxproj -> D:\projects\vs\BBS_SXY\x64\Debug\BBS_SXY.exe
     1>已完成生成项目“D:\projects\vs\BBS_SXY\BBS_SXY\BBS_SXY.vcxproj”(Build 个目标)的操作。

已成功生成。

已用时间 00:00:01.35
